2020-10-16 15:17:37,001 training args:Namespace(cfg='./cfgs/vcr/base_q2a_4x16G_fp32.yaml', cudnn_off=False, dist=True, do_test=False, log_dir='././output/vl-bert/vcr/base_q2a_4x16G_fp32/vcr1images_train/tensorboard_logs', model_dir='./', partial_pretrain=None, slurm=False)

2020-10-16 15:17:37,001 training args:Namespace(cfg='./cfgs/vcr/base_q2a_4x16G_fp32.yaml', cudnn_off=False, dist=True, do_test=False, log_dir='././output/vl-bert/vcr/base_q2a_4x16G_fp32/vcr1images_train/tensorboard_logs', model_dir='./', partial_pretrain=None, slurm=False)

2020-10-16 15:17:37,001 training args:Namespace(cfg='./cfgs/vcr/base_q2a_4x16G_fp32.yaml', cudnn_off=False, dist=True, do_test=False, log_dir='././output/vl-bert/vcr/base_q2a_4x16G_fp32/vcr1images_train/tensorboard_logs', model_dir='./', partial_pretrain=None, slurm=False)

2020-10-16 15:17:37,001 training args:Namespace(cfg='./cfgs/vcr/base_q2a_4x16G_fp32.yaml', cudnn_off=False, dist=True, do_test=False, log_dir='././output/vl-bert/vcr/base_q2a_4x16G_fp32/vcr1images_train/tensorboard_logs', model_dir='./', partial_pretrain=None, slurm=False)

2020-10-16 15:17:37,005 training config:{'CHECKPOINT_FREQUENT': 1,
 'DATASET': {'ADD_IMAGE_AS_A_BOX': True,
             'APPEND_INDEX': False,
             'BASIC_ALIGN': False,
             'CACHE_MODE': False,
             'DATASET': 'vcr',
             'DATASET_PATH': './data/vcr',
             'IGNORE_DB_CACHE': True,
             'LABEL_INDEX_IN_BATCH': 7,
             'MASK_SIZE': 14,
             'ONLY_USE_RELEVANT_DETS': False,
             'QA2R_AUG': False,
             'QA2R_NOQ': False,
             'ROOT_PATH': './',
             'TASK': 'Q2A',
             'TEST_ANNOTATION_FILE': 'test.jsonl',
             'TEST_IMAGE_SET': 'vcr1images',
             'TRAIN_ANNOTATION_FILE': 'train.jsonl',
             'TRAIN_IMAGE_SET': 'vcr1images',
             'VAL_ANNOTATION_FILE': 'val.jsonl',
             'VAL_IMAGE_SET': 'vcr1images',
             'ZIP_MODE': False},
 'GPUS': '0,1,2,3',
 'LOG_FREQUENT': 100,
 'MODEL_PREFIX': 'vl-bert_base_a_res101',
 'MODULE': 'ResNetVLBERT',
 'NETWORK': {'ANSWER_FIRST': False,
             'ANS_LOSS_WEIGHT': 1.0,
             'BERT_ALIGN_ANSWER': True,
             'BERT_ALIGN_QUESTION': True,
             'BERT_FROZEN': False,
             'BERT_MODEL_NAME': './model/pretrained_model/bert-base-uncased',
             'BERT_PRETRAINED': '',
             'BERT_PRETRAINED_EPOCH': 0,
             'BERT_USE_LAYER': -2,
             'BERT_WITH_MLM_LOSS': False,
             'BERT_WITH_NSP_LOSS': False,
             'BLIND': False,
             'CLASSIFIER_DROPOUT': 0.1,
             'CLASSIFIER_HIDDEN_SIZE': 1024,
             'CLASSIFIER_SIGMOID': True,
             'CLASSIFIER_SIGMOID_LOSS_POSITIVE_WEIGHT': 1.0,
             'CLASSIFIER_TYPE': '1fc',
             'CNN_LOSS_TOP': True,
             'CNN_LOSS_WEIGHT': 1.0,
             'CNN_REG_DROPOUT': 0.0,
             'ENABLE_CNN_REG_LOSS': True,
             'FOR_MASK_VL_MODELING_PRETRAIN': False,
             'IMAGE_C5_DILATED': True,
             'IMAGE_FEAT_PRECOMPUTED': False,
             'IMAGE_FINAL_DIM': 768,
             'IMAGE_FROZEN_BACKBONE_STAGES': [1, 2],
             'IMAGE_FROZEN_BN': True,
             'IMAGE_NUM_LAYERS': 101,
             'IMAGE_PRETRAINED': './model/pretrained_model/resnet101-pt-vgbua',
             'IMAGE_PRETRAINED_EPOCH': 0,
             'IMAGE_SEMANTIC': False,
             'IMAGE_STRIDE_IN_1x1': True,
             'LOAD_REL_HEAD': True,
             'NO_GROUNDING': False,
             'NO_OBJ_ATTENTION': False,
             'OUTPUT_CONV5': False,
             'PARTIAL_PRETRAIN': './model/pretrained_model/vl-bert-base-e2e.model',
             'PARTIAL_PRETRAIN_PREFIX_CHANGES': ['vlbert.mvrc_head.transform->cnn_loss_reg.0',
                                                 'module.vlbert.mvrc_head.transform->module.cnn_loss_reg.0',
                                                 'module.vlbert->module.vlbert._module',
                                                 'vlbert->vlbert._module'],
             'PARTIAL_PRETRAIN_SEGMB_INIT': True,
             'PIXEL_MEANS': [102.9801, 115.9465, 122.7717],
             'PIXEL_STDS': [1.0, 1.0, 1.0],
             'QA_ONE_SENT': False,
             'VLBERT': {'attention_probs_dropout_prob': 0.1,
                        'hidden_act': 'gelu',
                        'hidden_dropout_prob': 0.1,
                        'hidden_size': 768,
                        'initializer_range': 0.02,
                        'input_size': 1280,
                        'input_transform_type': 1,
                        'intermediate_size': 3072,
                        'max_position_embeddings': 512,
                        'num_attention_heads': 12,
                        'num_hidden_layers': 12,
                        'obj_pos_id_relative': True,
                        'object_word_embed_mode': 2,
                        'position_padding_idx': -1,
                        'type_vocab_size': 3,
                        'visual_ln': True,
                        'visual_scale_object_init': 0.0,
                        'visual_scale_text_init': 0.0,
                        'visual_size': 768,
                        'vocab_size': 30522,
                        'with_pooler': True,
                        'word_embedding_frozen': False}},
 'NUM_WORKERS_PER_GPU': 4,
 'OUTPUT_PATH': '././output/vl-bert/vcr',
 'RNG_SEED': 12345,
 'SCALES': [600, 1200],
 'TEST': {'BATCH_IMAGES': 4, 'FLIP_PROB': 0, 'SHUFFLE': False, 'TEST_EPOCH': 0},
 'TRAIN': {'ASPECT_GROUPING': False,
           'AUTO_RESUME': True,
           'BATCH_IMAGES': 4,
           'BEGIN_EPOCH': 0,
           'CLIP_GRAD_NORM': 10,
           'END_EPOCH': 20,
           'FLIP_PROB': 0.5,
           'FP16': False,
           'FP16_LOSS_SCALE': 128.0,
           'GRAD_ACCUMULATE_STEPS': 4,
           'LOSS_LOGGERS': [('ans_loss', 'AnsLoss'),
                            ('cnn_regularization_loss', 'CNNRegLoss')],
           'LR': 7e-05,
           'LR_FACTOR': 0.1,
           'LR_MULT': [],
           'LR_SCHEDULE': 'step',
           'LR_STEP': [14.0, 18.0],
           'MOMENTUM': 0.9,
           'OPTIMIZER': 'SGD',
           'RESUME': False,
           'SHUFFLE': True,
           'VISUAL_SCALE_CLIP_GRAD_NORM': -1,
           'VISUAL_SCALE_OBJECT_LR_MULT': 1.0,
           'VISUAL_SCALE_TEXT_LR_MULT': 1.0,
           'WARMUP': True,
           'WARMUP_FACTOR': 0.0,
           'WARMUP_METHOD': 'linear',
           'WARMUP_STEPS': 1000,
           'WD': 0.0001},
 'VAL': {'BATCH_IMAGES': 4, 'FLIP_PROB': 0, 'SHUFFLE': False},
 'VAL_FREQUENT': 1}

2020-10-16 15:17:37,005 training config:{'CHECKPOINT_FREQUENT': 1,
 'DATASET': {'ADD_IMAGE_AS_A_BOX': True,
             'APPEND_INDEX': False,
             'BASIC_ALIGN': False,
             'CACHE_MODE': False,
             'DATASET': 'vcr',
             'DATASET_PATH': './data/vcr',
             'IGNORE_DB_CACHE': True,
             'LABEL_INDEX_IN_BATCH': 7,
             'MASK_SIZE': 14,
             'ONLY_USE_RELEVANT_DETS': False,
             'QA2R_AUG': False,
             'QA2R_NOQ': False,
             'ROOT_PATH': './',
             'TASK': 'Q2A',
             'TEST_ANNOTATION_FILE': 'test.jsonl',
             'TEST_IMAGE_SET': 'vcr1images',
             'TRAIN_ANNOTATION_FILE': 'train.jsonl',
             'TRAIN_IMAGE_SET': 'vcr1images',
             'VAL_ANNOTATION_FILE': 'val.jsonl',
             'VAL_IMAGE_SET': 'vcr1images',
             'ZIP_MODE': False},
 'GPUS': '0,1,2,3',
 'LOG_FREQUENT': 100,
 'MODEL_PREFIX': 'vl-bert_base_a_res101',
 'MODULE': 'ResNetVLBERT',
 'NETWORK': {'ANSWER_FIRST': False,
             'ANS_LOSS_WEIGHT': 1.0,
             'BERT_ALIGN_ANSWER': True,
             'BERT_ALIGN_QUESTION': True,
             'BERT_FROZEN': False,
             'BERT_MODEL_NAME': './model/pretrained_model/bert-base-uncased',
             'BERT_PRETRAINED': '',
             'BERT_PRETRAINED_EPOCH': 0,
             'BERT_USE_LAYER': -2,
             'BERT_WITH_MLM_LOSS': False,
             'BERT_WITH_NSP_LOSS': False,
             'BLIND': False,
             'CLASSIFIER_DROPOUT': 0.1,
             'CLASSIFIER_HIDDEN_SIZE': 1024,
             'CLASSIFIER_SIGMOID': True,
             'CLASSIFIER_SIGMOID_LOSS_POSITIVE_WEIGHT': 1.0,
             'CLASSIFIER_TYPE': '1fc',
             'CNN_LOSS_TOP': True,
             'CNN_LOSS_WEIGHT': 1.0,
             'CNN_REG_DROPOUT': 0.0,
             'ENABLE_CNN_REG_LOSS': True,
             'FOR_MASK_VL_MODELING_PRETRAIN': False,
             'IMAGE_C5_DILATED': True,
             'IMAGE_FEAT_PRECOMPUTED': False,
             'IMAGE_FINAL_DIM': 768,
             'IMAGE_FROZEN_BACKBONE_STAGES': [1, 2],
             'IMAGE_FROZEN_BN': True,
             'IMAGE_NUM_LAYERS': 101,
             'IMAGE_PRETRAINED': './model/pretrained_model/resnet101-pt-vgbua',
             'IMAGE_PRETRAINED_EPOCH': 0,
             'IMAGE_SEMANTIC': False,
             'IMAGE_STRIDE_IN_1x1': True,
             'LOAD_REL_HEAD': True,
             'NO_GROUNDING': False,
             'NO_OBJ_ATTENTION': False,
             'OUTPUT_CONV5': False,
             'PARTIAL_PRETRAIN': './model/pretrained_model/vl-bert-base-e2e.model',
             'PARTIAL_PRETRAIN_PREFIX_CHANGES': ['vlbert.mvrc_head.transform->cnn_loss_reg.0',
                                                 'module.vlbert.mvrc_head.transform->module.cnn_loss_reg.0',
                                                 'module.vlbert->module.vlbert._module',
                                                 'vlbert->vlbert._module'],
             'PARTIAL_PRETRAIN_SEGMB_INIT': True,
             'PIXEL_MEANS': [102.9801, 115.9465, 122.7717],
             'PIXEL_STDS': [1.0, 1.0, 1.0],
             'QA_ONE_SENT': False,
             'VLBERT': {'attention_probs_dropout_prob': 0.1,
                        'hidden_act': 'gelu',
                        'hidden_dropout_prob': 0.1,
                        'hidden_size': 768,
                        'initializer_range': 0.02,
                        'input_size': 1280,
                        'input_transform_type': 1,
                        'intermediate_size': 3072,
                        'max_position_embeddings': 512,
                        'num_attention_heads': 12,
                        'num_hidden_layers': 12,
                        'obj_pos_id_relative': True,
                        'object_word_embed_mode': 2,
                        'position_padding_idx': -1,
                        'type_vocab_size': 3,
                        'visual_ln': True,
                        'visual_scale_object_init': 0.0,
                        'visual_scale_text_init': 0.0,
                        'visual_size': 768,
                        'vocab_size': 30522,
                        'with_pooler': True,
                        'word_embedding_frozen': False}},
 'NUM_WORKERS_PER_GPU': 4,
 'OUTPUT_PATH': '././output/vl-bert/vcr',
 'RNG_SEED': 12345,
 'SCALES': [600, 1200],
 'TEST': {'BATCH_IMAGES': 4, 'FLIP_PROB': 0, 'SHUFFLE': False, 'TEST_EPOCH': 0},
 'TRAIN': {'ASPECT_GROUPING': False,
           'AUTO_RESUME': True,
           'BATCH_IMAGES': 4,
           'BEGIN_EPOCH': 0,
           'CLIP_GRAD_NORM': 10,
           'END_EPOCH': 20,
           'FLIP_PROB': 0.5,
           'FP16': False,
           'FP16_LOSS_SCALE': 128.0,
           'GRAD_ACCUMULATE_STEPS': 4,
           'LOSS_LOGGERS': [('ans_loss', 'AnsLoss'),
                            ('cnn_regularization_loss', 'CNNRegLoss')],
           'LR': 7e-05,
           'LR_FACTOR': 0.1,
           'LR_MULT': [],
           'LR_SCHEDULE': 'step',
           'LR_STEP': [14.0, 18.0],
           'MOMENTUM': 0.9,
           'OPTIMIZER': 'SGD',
           'RESUME': False,
           'SHUFFLE': True,
           'VISUAL_SCALE_CLIP_GRAD_NORM': -1,
           'VISUAL_SCALE_OBJECT_LR_MULT': 1.0,
           'VISUAL_SCALE_TEXT_LR_MULT': 1.0,
           'WARMUP': True,
           'WARMUP_FACTOR': 0.0,
           'WARMUP_METHOD': 'linear',
           'WARMUP_STEPS': 1000,
           'WD': 0.0001},
 'VAL': {'BATCH_IMAGES': 4, 'FLIP_PROB': 0, 'SHUFFLE': False},
 'VAL_FREQUENT': 1}

2020-10-16 15:17:37,005 training config:{'CHECKPOINT_FREQUENT': 1,
 'DATASET': {'ADD_IMAGE_AS_A_BOX': True,
             'APPEND_INDEX': False,
             'BASIC_ALIGN': False,
             'CACHE_MODE': False,
             'DATASET': 'vcr',
             'DATASET_PATH': './data/vcr',
             'IGNORE_DB_CACHE': True,
             'LABEL_INDEX_IN_BATCH': 7,
             'MASK_SIZE': 14,
             'ONLY_USE_RELEVANT_DETS': False,
             'QA2R_AUG': False,
             'QA2R_NOQ': False,
             'ROOT_PATH': './',
             'TASK': 'Q2A',
             'TEST_ANNOTATION_FILE': 'test.jsonl',
             'TEST_IMAGE_SET': 'vcr1images',
             'TRAIN_ANNOTATION_FILE': 'train.jsonl',
             'TRAIN_IMAGE_SET': 'vcr1images',
             'VAL_ANNOTATION_FILE': 'val.jsonl',
             'VAL_IMAGE_SET': 'vcr1images',
             'ZIP_MODE': False},
 'GPUS': '0,1,2,3',
 'LOG_FREQUENT': 100,
 'MODEL_PREFIX': 'vl-bert_base_a_res101',
 'MODULE': 'ResNetVLBERT',
 'NETWORK': {'ANSWER_FIRST': False,
             'ANS_LOSS_WEIGHT': 1.0,
             'BERT_ALIGN_ANSWER': True,
             'BERT_ALIGN_QUESTION': True,
             'BERT_FROZEN': False,
             'BERT_MODEL_NAME': './model/pretrained_model/bert-base-uncased',
             'BERT_PRETRAINED': '',
             'BERT_PRETRAINED_EPOCH': 0,
             'BERT_USE_LAYER': -2,
             'BERT_WITH_MLM_LOSS': False,
             'BERT_WITH_NSP_LOSS': False,
             'BLIND': False,
             'CLASSIFIER_DROPOUT': 0.1,
             'CLASSIFIER_HIDDEN_SIZE': 1024,
             'CLASSIFIER_SIGMOID': True,
             'CLASSIFIER_SIGMOID_LOSS_POSITIVE_WEIGHT': 1.0,
             'CLASSIFIER_TYPE': '1fc',
             'CNN_LOSS_TOP': True,
             'CNN_LOSS_WEIGHT': 1.0,
             'CNN_REG_DROPOUT': 0.0,
             'ENABLE_CNN_REG_LOSS': True,
             'FOR_MASK_VL_MODELING_PRETRAIN': False,
             'IMAGE_C5_DILATED': True,
             'IMAGE_FEAT_PRECOMPUTED': False,
             'IMAGE_FINAL_DIM': 768,
             'IMAGE_FROZEN_BACKBONE_STAGES': [1, 2],
             'IMAGE_FROZEN_BN': True,
             'IMAGE_NUM_LAYERS': 101,
             'IMAGE_PRETRAINED': './model/pretrained_model/resnet101-pt-vgbua',
             'IMAGE_PRETRAINED_EPOCH': 0,
             'IMAGE_SEMANTIC': False,
             'IMAGE_STRIDE_IN_1x1': True,
             'LOAD_REL_HEAD': True,
             'NO_GROUNDING': False,
             'NO_OBJ_ATTENTION': False,
             'OUTPUT_CONV5': False,
             'PARTIAL_PRETRAIN': './model/pretrained_model/vl-bert-base-e2e.model',
             'PARTIAL_PRETRAIN_PREFIX_CHANGES': ['vlbert.mvrc_head.transform->cnn_loss_reg.0',
                                                 'module.vlbert.mvrc_head.transform->module.cnn_loss_reg.0',
                                                 'module.vlbert->module.vlbert._module',
                                                 'vlbert->vlbert._module'],
             'PARTIAL_PRETRAIN_SEGMB_INIT': True,
             'PIXEL_MEANS': [102.9801, 115.9465, 122.7717],
             'PIXEL_STDS': [1.0, 1.0, 1.0],
             'QA_ONE_SENT': False,
             'VLBERT': {'attention_probs_dropout_prob': 0.1,
                        'hidden_act': 'gelu',
                        'hidden_dropout_prob': 0.1,
                        'hidden_size': 768,
                        'initializer_range': 0.02,
                        'input_size': 1280,
                        'input_transform_type': 1,
                        'intermediate_size': 3072,
                        'max_position_embeddings': 512,
                        'num_attention_heads': 12,
                        'num_hidden_layers': 12,
                        'obj_pos_id_relative': True,
                        'object_word_embed_mode': 2,
                        'position_padding_idx': -1,
                        'type_vocab_size': 3,
                        'visual_ln': True,
                        'visual_scale_object_init': 0.0,
                        'visual_scale_text_init': 0.0,
                        'visual_size': 768,
                        'vocab_size': 30522,
                        'with_pooler': True,
                        'word_embedding_frozen': False}},
 'NUM_WORKERS_PER_GPU': 4,
 'OUTPUT_PATH': '././output/vl-bert/vcr',
 'RNG_SEED': 12345,
 'SCALES': [600, 1200],
 'TEST': {'BATCH_IMAGES': 4, 'FLIP_PROB': 0, 'SHUFFLE': False, 'TEST_EPOCH': 0},
 'TRAIN': {'ASPECT_GROUPING': False,
           'AUTO_RESUME': True,
           'BATCH_IMAGES': 4,
           'BEGIN_EPOCH': 0,
           'CLIP_GRAD_NORM': 10,
           'END_EPOCH': 20,
           'FLIP_PROB': 0.5,
           'FP16': False,
           'FP16_LOSS_SCALE': 128.0,
           'GRAD_ACCUMULATE_STEPS': 4,
           'LOSS_LOGGERS': [('ans_loss', 'AnsLoss'),
                            ('cnn_regularization_loss', 'CNNRegLoss')],
           'LR': 7e-05,
           'LR_FACTOR': 0.1,
           'LR_MULT': [],
           'LR_SCHEDULE': 'step',
           'LR_STEP': [14.0, 18.0],
           'MOMENTUM': 0.9,
           'OPTIMIZER': 'SGD',
           'RESUME': False,
           'SHUFFLE': True,
           'VISUAL_SCALE_CLIP_GRAD_NORM': -1,
           'VISUAL_SCALE_OBJECT_LR_MULT': 1.0,
           'VISUAL_SCALE_TEXT_LR_MULT': 1.0,
           'WARMUP': True,
           'WARMUP_FACTOR': 0.0,
           'WARMUP_METHOD': 'linear',
           'WARMUP_STEPS': 1000,
           'WD': 0.0001},
 'VAL': {'BATCH_IMAGES': 4, 'FLIP_PROB': 0, 'SHUFFLE': False},
 'VAL_FREQUENT': 1}

2020-10-16 15:17:37,006 training config:{'CHECKPOINT_FREQUENT': 1,
 'DATASET': {'ADD_IMAGE_AS_A_BOX': True,
             'APPEND_INDEX': False,
             'BASIC_ALIGN': False,
             'CACHE_MODE': False,
             'DATASET': 'vcr',
             'DATASET_PATH': './data/vcr',
             'IGNORE_DB_CACHE': True,
             'LABEL_INDEX_IN_BATCH': 7,
             'MASK_SIZE': 14,
             'ONLY_USE_RELEVANT_DETS': False,
             'QA2R_AUG': False,
             'QA2R_NOQ': False,
             'ROOT_PATH': './',
             'TASK': 'Q2A',
             'TEST_ANNOTATION_FILE': 'test.jsonl',
             'TEST_IMAGE_SET': 'vcr1images',
             'TRAIN_ANNOTATION_FILE': 'train.jsonl',
             'TRAIN_IMAGE_SET': 'vcr1images',
             'VAL_ANNOTATION_FILE': 'val.jsonl',
             'VAL_IMAGE_SET': 'vcr1images',
             'ZIP_MODE': False},
 'GPUS': '0,1,2,3',
 'LOG_FREQUENT': 100,
 'MODEL_PREFIX': 'vl-bert_base_a_res101',
 'MODULE': 'ResNetVLBERT',
 'NETWORK': {'ANSWER_FIRST': False,
             'ANS_LOSS_WEIGHT': 1.0,
             'BERT_ALIGN_ANSWER': True,
             'BERT_ALIGN_QUESTION': True,
             'BERT_FROZEN': False,
             'BERT_MODEL_NAME': './model/pretrained_model/bert-base-uncased',
             'BERT_PRETRAINED': '',
             'BERT_PRETRAINED_EPOCH': 0,
             'BERT_USE_LAYER': -2,
             'BERT_WITH_MLM_LOSS': False,
             'BERT_WITH_NSP_LOSS': False,
             'BLIND': False,
             'CLASSIFIER_DROPOUT': 0.1,
             'CLASSIFIER_HIDDEN_SIZE': 1024,
             'CLASSIFIER_SIGMOID': True,
             'CLASSIFIER_SIGMOID_LOSS_POSITIVE_WEIGHT': 1.0,
             'CLASSIFIER_TYPE': '1fc',
             'CNN_LOSS_TOP': True,
             'CNN_LOSS_WEIGHT': 1.0,
             'CNN_REG_DROPOUT': 0.0,
             'ENABLE_CNN_REG_LOSS': True,
             'FOR_MASK_VL_MODELING_PRETRAIN': False,
             'IMAGE_C5_DILATED': True,
             'IMAGE_FEAT_PRECOMPUTED': False,
             'IMAGE_FINAL_DIM': 768,
             'IMAGE_FROZEN_BACKBONE_STAGES': [1, 2],
             'IMAGE_FROZEN_BN': True,
             'IMAGE_NUM_LAYERS': 101,
             'IMAGE_PRETRAINED': './model/pretrained_model/resnet101-pt-vgbua',
             'IMAGE_PRETRAINED_EPOCH': 0,
             'IMAGE_SEMANTIC': False,
             'IMAGE_STRIDE_IN_1x1': True,
             'LOAD_REL_HEAD': True,
             'NO_GROUNDING': False,
             'NO_OBJ_ATTENTION': False,
             'OUTPUT_CONV5': False,
             'PARTIAL_PRETRAIN': './model/pretrained_model/vl-bert-base-e2e.model',
             'PARTIAL_PRETRAIN_PREFIX_CHANGES': ['vlbert.mvrc_head.transform->cnn_loss_reg.0',
                                                 'module.vlbert.mvrc_head.transform->module.cnn_loss_reg.0',
                                                 'module.vlbert->module.vlbert._module',
                                                 'vlbert->vlbert._module'],
             'PARTIAL_PRETRAIN_SEGMB_INIT': True,
             'PIXEL_MEANS': [102.9801, 115.9465, 122.7717],
             'PIXEL_STDS': [1.0, 1.0, 1.0],
             'QA_ONE_SENT': False,
             'VLBERT': {'attention_probs_dropout_prob': 0.1,
                        'hidden_act': 'gelu',
                        'hidden_dropout_prob': 0.1,
                        'hidden_size': 768,
                        'initializer_range': 0.02,
                        'input_size': 1280,
                        'input_transform_type': 1,
                        'intermediate_size': 3072,
                        'max_position_embeddings': 512,
                        'num_attention_heads': 12,
                        'num_hidden_layers': 12,
                        'obj_pos_id_relative': True,
                        'object_word_embed_mode': 2,
                        'position_padding_idx': -1,
                        'type_vocab_size': 3,
                        'visual_ln': True,
                        'visual_scale_object_init': 0.0,
                        'visual_scale_text_init': 0.0,
                        'visual_size': 768,
                        'vocab_size': 30522,
                        'with_pooler': True,
                        'word_embedding_frozen': False}},
 'NUM_WORKERS_PER_GPU': 4,
 'OUTPUT_PATH': '././output/vl-bert/vcr',
 'RNG_SEED': 12345,
 'SCALES': [600, 1200],
 'TEST': {'BATCH_IMAGES': 4, 'FLIP_PROB': 0, 'SHUFFLE': False, 'TEST_EPOCH': 0},
 'TRAIN': {'ASPECT_GROUPING': False,
           'AUTO_RESUME': True,
           'BATCH_IMAGES': 4,
           'BEGIN_EPOCH': 0,
           'CLIP_GRAD_NORM': 10,
           'END_EPOCH': 20,
           'FLIP_PROB': 0.5,
           'FP16': False,
           'FP16_LOSS_SCALE': 128.0,
           'GRAD_ACCUMULATE_STEPS': 4,
           'LOSS_LOGGERS': [('ans_loss', 'AnsLoss'),
                            ('cnn_regularization_loss', 'CNNRegLoss')],
           'LR': 7e-05,
           'LR_FACTOR': 0.1,
           'LR_MULT': [],
           'LR_SCHEDULE': 'step',
           'LR_STEP': [14.0, 18.0],
           'MOMENTUM': 0.9,
           'OPTIMIZER': 'SGD',
           'RESUME': False,
           'SHUFFLE': True,
           'VISUAL_SCALE_CLIP_GRAD_NORM': -1,
           'VISUAL_SCALE_OBJECT_LR_MULT': 1.0,
           'VISUAL_SCALE_TEXT_LR_MULT': 1.0,
           'WARMUP': True,
           'WARMUP_FACTOR': 0.0,
           'WARMUP_METHOD': 'linear',
           'WARMUP_STEPS': 1000,
           'WD': 0.0001},
 'VAL': {'BATCH_IMAGES': 4, 'FLIP_PROB': 0, 'SHUFFLE': False},
 'VAL_FREQUENT': 1}

2020-10-16 15:17:37,633 Model name './model/pretrained_model/bert-base-uncased' was not found in model name list (bert-base-uncased, bert-large-uncased, bert-base-cased, bert-large-cased, bert-base-multilingual-uncased, bert-base-multilingual-cased, bert-base-chinese). We assumed './model/pretrained_model/bert-base-uncased' was a path or url but couldn't find any file associated to this path or url.
2020-10-16 15:17:37,633 Model name './model/pretrained_model/bert-base-uncased' was not found in model name list (bert-base-uncased, bert-large-uncased, bert-base-cased, bert-large-cased, bert-base-multilingual-uncased, bert-base-multilingual-cased, bert-base-chinese). We assumed './model/pretrained_model/bert-base-uncased' was a path or url but couldn't find any file associated to this path or url.
2020-10-16 15:17:37,635 Model name './model/pretrained_model/bert-base-uncased' was not found in model name list (bert-base-uncased, bert-large-uncased, bert-base-cased, bert-large-cased, bert-base-multilingual-uncased, bert-base-multilingual-cased, bert-base-chinese). We assumed './model/pretrained_model/bert-base-uncased' was a path or url but couldn't find any file associated to this path or url.
2020-10-16 15:17:37,636 Model name './model/pretrained_model/bert-base-uncased' was not found in model name list (bert-base-uncased, bert-large-uncased, bert-base-cased, bert-large-cased, bert-base-multilingual-uncased, bert-base-multilingual-cased, bert-base-chinese). We assumed './model/pretrained_model/bert-base-uncased' was a path or url but couldn't find any file associated to this path or url.
